1759698406553	geckodriver	INFO	Listening on 127.0.0.1:56265
1759698409617	mozrunner::runner	INFO	Running command: "C:\\Users\\User\\.cache\\selenium\\firefox\\win64\\143.0.4\\firefox.exe" "--marionette" "--remote-debugging ... 66" "--remote-allow-hosts" "localhost" "-no-remote" "-profile" "C:\\Users\\User\\AppData\\Local\\Temp\\rust_mozprofile2ajhB2"
console.warn: services.settings: Ignoring preference override of remote settings server
console.warn: services.settings: Allow by setting MOZ_REMOTE_SETTINGS_DEVTOOLS=1 in the environment
Dynamically enable window occlusion 0
1759698409938	Marionette	INFO	Marionette enabled
1759698410007	Marionette	INFO	Listening on port 56352
WebDriver BiDi listening on ws://127.0.0.1:56266
Read port: 56352
1759698410085	RemoteAgent	WARN	TLS certificate errors will be ignored for this session
console.error: [Exception... "Component returned failure code: 0x80040111 (NS_ERROR_NOT_AVAILABLE) [nsIContentSniffer.getMIMETypeFromContent]"  nsresult: "0x80040111 (NS_ERROR_NOT_AVAILABLE)"  location: "JS frame :: resource:///modules/FaviconLoader.sys.mjs :: onStopRequest :: line 300"  data: no]
console.warn: LoginRecipes: "Falling back to a synchronous message for: https://training-platform2.doppio-tech.com."
console.warn: LoginRecipes: "Falling back to a synchronous message for: https://training-platform2.doppio-tech.com."
1759698427252	Marionette	INFO	Stopped listening on port 56352
Dynamically enable window occlusion 1
console.error: "Failed to fetch https://spocs.getpocket.com/user:" "NetworkError when attempting to fetch resource."
console.error: (new TypeError("NetworkError when attempting to fetch resource.", ""))
console.error: (new Error("OHTTP was configured for https://ads.mozilla.org/v1/delete_user but we couldn't fetch a valid config", "moz-src:///browser/modules/ContextId.sys.mjs", 234))
console.warn: TopSitesFeed: Failed to fetch data from MARS server: NetworkError when attempting to fetch resource.
JavaScript error: resource://gre/modules/ObliviousHTTP.sys.mjs, line 105: NS_ERROR_XPC_CANT_CONVERT_PRIMITIVE_TO_ARRAY: Cannot convert primitive JavaScript value into an array arg 2 [nsIObliviousHttpService.newChannel]
JavaScript error: resource://services-settings/RemoteSettingsClient.sys.mjs, line 102: Error: Unknown callback
