1759693117637	geckodriver	INFO	Listening on 127.0.0.1:56083
1759693120691	mozrunner::runner	INFO	Running command: "C:\\Users\\User\\.cache\\selenium\\firefox\\win64\\143.0.4\\firefox.exe" "--marionette" "--remote-debugging ... 84" "--remote-allow-hosts" "localhost" "-no-remote" "-profile" "C:\\Users\\User\\AppData\\Local\\Temp\\rust_mozprofileZYEKZy"
console.warn: services.settings: Ignoring preference override of remote settings server
console.warn: services.settings: Allow by setting MOZ_REMOTE_SETTINGS_DEVTOOLS=1 in the environment
Dynamically enable window occlusion 0
1759693120919	Marionette	INFO	Marionette enabled
1759693120979	Marionette	INFO	Listening on port 56168
WebDriver BiDi listening on ws://127.0.0.1:56084
Read port: 56168
1759693121051	RemoteAgent	WARN	TLS certificate errors will be ignored for this session
console.error: [Exception... "Component returned failure code: 0x80040111 (NS_ERROR_NOT_AVAILABLE) [nsIContentSniffer.getMIMETypeFromContent]"  nsresult: "0x80040111 (NS_ERROR_NOT_AVAILABLE)"  location: "JS frame :: resource:///modules/FaviconLoader.sys.mjs :: onStopRequest :: line 300"  data: no]
console.warn: LoginRecipes: "Falling back to a synchronous message for: https://training-platform2.doppio-tech.com."
console.warn: LoginRecipes: "Falling back to a synchronous message for: https://training-platform2.doppio-tech.com."
console.warn: WindowsJumpLists: "Failed to fetch favicon for " "https://training-platform2.doppio-tech.com/" [Exception... "Failure"  nsresult: "0x80004005 (NS_ERROR_FAILURE)"  location: "<unknown>"  data: no]
console.warn: WindowsJumpLists: "Failed to fetch favicon for " "https://training-platform2.doppio-tech.com/payment/success/1033" [Exception... "Failure"  nsresult: "0x80004005 (NS_ERROR_FAILURE)"  location: "<unknown>"  data: no]
console.warn: WindowsJumpLists: "Failed to fetch favicon for " "https://training-platform2.doppio-tech.com/payment/1033?method=qr" [Exception... "Failure"  nsresult: "0x80004005 (NS_ERROR_FAILURE)"  location: "<unknown>"  data: no]
console.warn: WindowsJumpLists: "Failed to fetch favicon for " "https://training-platform2.doppio-tech.com/checkout?ids=514" [Exception... "Failure"  nsresult: "0x80004005 (NS_ERROR_FAILURE)"  location: "<unknown>"  data: no]
console.warn: WindowsJumpLists: "Failed to fetch favicon for " "https://training-platform2.doppio-tech.com/cart" [Exception... "Failure"  nsresult: "0x80004005 (NS_ERROR_FAILURE)"  location: "<unknown>"  data: no]
console.warn: WindowsJumpLists: "Failed to fetch favicon for " "https://training-platform2.doppio-tech.com/products/11" [Exception... "Failure"  nsresult: "0x80004005 (NS_ERROR_FAILURE)"  location: "<unknown>"  data: no]
console.warn: WindowsJumpLists: "Failed to fetch favicon for " "https://training-platform2.doppio-tech.com/products?q=Ceramic+Mug" [Exception... "Failure"  nsresult: "0x80004005 (NS_ERROR_FAILURE)"  location: "<unknown>"  data: no]
console.warn: WindowsJumpLists: "Failed to fetch favicon for " "https://training-platform2.doppio-tech.com/" [Exception... "Failure"  nsresult: "0x80004005 (NS_ERROR_FAILURE)"  location: "<unknown>"  data: no]
console.warn: WindowsJumpLists: "Failed to fetch favicon for " "https://training-platform2.doppio-tech.com/payment/success/1033" [Exception... "Failure"  nsresult: "0x80004005 (NS_ERROR_FAILURE)"  location: "<unknown>"  data: no]
console.warn: WindowsJumpLists: "Failed to fetch favicon for " "https://training-platform2.doppio-tech.com/payment/1033?method=qr" [Exception... "Failure"  nsresult: "0x80004005 (NS_ERROR_FAILURE)"  location: "<unknown>"  data: no]
console.warn: WindowsJumpLists: "Failed to fetch favicon for " "https://training-platform2.doppio-tech.com/checkout?ids=514" [Exception... "Failure"  nsresult: "0x80004005 (NS_ERROR_FAILURE)"  location: "<unknown>"  data: no]
console.warn: WindowsJumpLists: "Failed to fetch favicon for " "https://training-platform2.doppio-tech.com/cart" [Exception... "Failure"  nsresult: "0x80004005 (NS_ERROR_FAILURE)"  location: "<unknown>"  data: no]
console.warn: WindowsJumpLists: "Failed to fetch favicon for " "https://training-platform2.doppio-tech.com/products/11" [Exception... "Failure"  nsresult: "0x80004005 (NS_ERROR_FAILURE)"  location: "<unknown>"  data: no]
console.warn: WindowsJumpLists: "Failed to fetch favicon for " "https://training-platform2.doppio-tech.com/products?q=Ceramic+Mug" [Exception... "Failure"  nsresult: "0x80004005 (NS_ERROR_FAILURE)"  location: "<unknown>"  data: no]
console.warn: WindowsJumpLists: "Failed to fetch favicon for " "https://training-platform2.doppio-tech.com/" [Exception... "Failure"  nsresult: "0x80004005 (NS_ERROR_FAILURE)"  location: "<unknown>"  data: no]
console.warn: WindowsJumpLists: "Failed to fetch favicon for " "https://training-platform2.doppio-tech.com/payment/success/1033" [Exception... "Failure"  nsresult: "0x80004005 (NS_ERROR_FAILURE)"  location: "<unknown>"  data: no]
console.warn: WindowsJumpLists: "Failed to fetch favicon for " "https://training-platform2.doppio-tech.com/payment/1033?method=qr" [Exception... "Failure"  nsresult: "0x80004005 (NS_ERROR_FAILURE)"  location: "<unknown>"  data: no]
console.warn: WindowsJumpLists: "Failed to fetch favicon for " "https://training-platform2.doppio-tech.com/checkout?ids=514" [Exception... "Failure"  nsresult: "0x80004005 (NS_ERROR_FAILURE)"  location: "<unknown>"  data: no]
console.warn: WindowsJumpLists: "Failed to fetch favicon for " "https://training-platform2.doppio-tech.com/cart" [Exception... "Failure"  nsresult: "0x80004005 (NS_ERROR_FAILURE)"  location: "<unknown>"  data: no]
console.warn: WindowsJumpLists: "Failed to fetch favicon for " "https://training-platform2.doppio-tech.com/products/11" [Exception... "Failure"  nsresult: "0x80004005 (NS_ERROR_FAILURE)"  location: "<unknown>"  data: no]
console.warn: WindowsJumpLists: "Failed to fetch favicon for " "https://training-platform2.doppio-tech.com/products?q=Ceramic+Mug" [Exception... "Failure"  nsresult: "0x80004005 (NS_ERROR_FAILURE)"  location: "<unknown>"  data: no]
Exiting due to channel error.
